0 info it worked if it ends with ok
1 verbose cli [ '/usr/local/node/bin/node',
1 verbose cli   '/usr/local/node/bin/npm',
1 verbose cli   'install' ]
2 info using npm@1.2.30
3 info using node@v0.10.11
4 verbose read json /home/brij/Documents/Projects/chatmole/package.json
5 warn package.json chatmole@0.1 No repository field.
6 warn package.json chatmole@0.1 No readme data.
7 error install Couldn't read dependencies
8 error Error: invalid version: 0.1
8 error     at Object.module.exports.fixVersionField (/usr/local/node/lib/node_modules/npm/node_modules/read-package-json/node_modules/normalize-package-data/lib/fixer.js:84:13)
8 error     at /usr/local/node/lib/node_modules/npm/node_modules/read-package-json/node_modules/normalize-package-data/lib/normalize.js:28:38
8 error     at Array.forEach (native)
8 error     at normalize (/usr/local/node/lib/node_modules/npm/node_modules/read-package-json/node_modules/normalize-package-data/lib/normalize.js:27:15)
8 error     at final (/usr/local/node/lib/node_modules/npm/node_modules/read-package-json/read-json.js:304:33)
8 error     at then (/usr/local/node/lib/node_modules/npm/node_modules/read-package-json/read-json.js:118:48)
8 error     at /usr/local/node/lib/node_modules/npm/node_modules/read-package-json/read-json.js:293:40
8 error     at fs.js:266:14
8 error     at Object.oncomplete (fs.js:107:15)
9 error If you need help, you may report this log at:
9 error     <http://github.com/isaacs/npm/issues>
9 error or email it to:
9 error     <npm-@googlegroups.com>
10 error System Linux 3.2.0-49-generic-pae
11 error command "/usr/local/node/bin/node" "/usr/local/node/bin/npm" "install"
12 error cwd /home/brij/Documents/Projects/chatmole
13 error node -v v0.10.11
14 error npm -v 1.2.30
15 verbose exit [ 1, true ]
